0 info it worked if it ends with ok
1 verbose cli [
1 verbose cli   '/Users/qyang/.nvm/versions/node/v14.4.0/bin/node',
1 verbose cli   '/Users/qyang/node_modules/.bin/npm',
1 verbose cli   'run',
1 verbose cli   'test'
1 verbose cli ]
2 info using npm@2.14.10
3 info using node@v14.4.0
4 verbose run-script [ 'pretest', 'test', 'posttest' ]
5 info pretest webpack4_vue2@0.0.0
6 info test webpack4_vue2@0.0.0
7 verbose unsafe-perm in lifecycle true
8 info webpack4_vue2@0.0.0 Failed to exec test script
9 verbose stack Error: webpack4_vue2@0.0.0 test: `jest`
9 verbose stack Exit status 1
9 verbose stack     at EventEmitter.<anonymous> (/Users/qyang/node_modules/npm/lib/utils/lifecycle.js:214:16)
9 verbose stack     at EventEmitter.emit (events.js:315:20)
9 verbose stack     at ChildProcess.<anonymous> (/Users/qyang/node_modules/npm/lib/utils/spawn.js:24:14)
9 verbose stack     at ChildProcess.emit (events.js:315:20)
9 verbose stack     at maybeClose (internal/child_process.js:1051:16)
9 verbose stack     at Process.ChildProcess._handle.onexit (internal/child_process.js:287:5)
10 verbose pkgid webpack4_vue2@0.0.0
11 verbose cwd /Users/qyang/code/all/study/packages/webpack4_vue2
12 error Darwin 18.7.0
13 error argv "/Users/qyang/.nvm/versions/node/v14.4.0/bin/node" "/Users/qyang/node_modules/.bin/npm" "run" "test"
14 error node v14.4.0
15 error npm  v2.14.10
16 error code ELIFECYCLE
17 error webpack4_vue2@0.0.0 test: `jest`
17 error Exit status 1
18 error Failed at the webpack4_vue2@0.0.0 test script 'jest'.
18 error This is most likely a problem with the webpack4_vue2 package,
18 error not with npm itself.
18 error Tell the author that this fails on your system:
18 error     jest
18 error You can get their info via:
18 error     npm owner ls webpack4_vue2
18 error There is likely additional logging output above.
19 verbose exit [ 1, true ]
